<?xml version="1.0" encoding="UTF-8"?>
<testsuite xmlns:xsi="http://www.w3.org/2001/XMLSchema-instance" xsi:noNamespaceSchemaLocation="https://maven.apache.org/surefire/maven-surefire-plugin/xsd/surefire-test-report-3.0.xsd" version="3.0" name="com.bank.cims.CimsBusinessLogicIntegrationTest" time="32.274" tests="11" errors="0" skipped="0" failures="0">
  <properties>
[...]
</properties>
  <testcase name="testCheckerApprovalAndAtomicActivation" classname="com.bank.cims.CimsBusinessLogicIntegrationTest" time="3.303">
    <system-out><![CDATA[16:38:03.883 [main] INFO org.springframework.test.context.support.AnnotationConfigContextLoaderUtils -- Could not detect default configuration classes for test class [com.bank.cims.CimsBusinessLogicIntegrationTest]: CimsBusinessLogicIntegrationTest does not declare any static, non-private, non-final, nested classes annotated with @Configuration.
16:38:04.309 [main] INFO org.springframework.boot.test.context.SpringBootTestContextBootstrapper -- Found @SpringBootConfiguration com.bank.cims.CimsBackendApplication for test class com.bank.cims.CimsBusinessLogicIntegrationTest

  .   ____          _            __ _ _
 /\\ / ___'_ __ _ _(_)_ __  __ _ \ \ \ \
( ( )\___ | '_ | '_| | '_ \/ _` | \ \ \ \
 \\/  ___)| |_)| | | | | || (_| |  ) ) ) )
  '  |____| .__|_| |_|_| |_\__, | / / / /
 =========|_|==============|___/=/_/_/_/
 :: Spring Boot ::                (v3.2.5)

2026-09-17T16:38:06.150+03:00  INFO 5068 --- [cims-backend] [           main] c.b.c.CimsBusinessLogicIntegrationTest   : Starting CimsBusinessLogicIntegrationTest using Java 17.0.20 with PID 5068 (started by danie_mdh4j2 in C:\Users\danie_mdh4j2\Desktop\cims proj\backend)
2026-09-17T16:38:06.156+03:00  INFO 5068 --- [cims-backend] [           main] c.b.c.CimsBusinessLogicIntegrationTest   : No active profile set, falling back to 1 default profile: "default"
2026-09-17T16:38:09.019+03:00  INFO 5068 --- [cims-backend] [           main] .s.d.r.c.RepositoryConfigurationDelegate : Bootstrapping Spring Data JPA repositories in DEFAULT mode.
2026-09-17T16:38:09.474+03:00  INFO 5068 --- [cims-backend] [           main] .s.d.r.c.RepositoryConfigurationDelegate : Finished Spring Data repository scanning in 427 ms. Found 36 JPA repository interfaces.
2026-09-17T16:38:10.839+03:00  INFO 5068 --- [cims-backend] [           main] com.zaxxer.hikari.HikariDataSource       : HikariPool-1 - Starting...
2026-09-17T16:38:11.577+03:00  INFO 5068 --- [cims-backend] [           main] com.zaxxer.hikari.pool.HikariPool        : HikariPool-1 - Added connection org.postgresql.jdbc.PgConnection@56fda064
2026-09-17T16:38:11.583+03:00  INFO 5068 --- [cims-backend] [           main] com.zaxxer.hikari.HikariDataSource       : HikariPool-1 - Start completed.
2026-09-17T16:38:11.861+03:00  INFO 5068 --- [cims-backend] [           main] o.f.c.internal.license.VersionPrinter    : Flyway Community Edition 9.22.3 by Redgate
2026-09-17T16:38:11.863+03:00  INFO 5068 --- [cims-backend] [           main] o.f.c.internal.license.VersionPrinter    : See release notes here: https://rd.gt/416ObMi
2026-09-17T16:38:11.863+03:00  INFO 5068 --- [cims-backend] [           main] o.f.c.internal.license.VersionPrinter    : 
2026-09-17T16:38:11.918+03:00  INFO 5068 --- [cims-backend] [           main] org.flywaydb.core.FlywayExecutor         : Database: jdbc:postgresql://127.0.0.1:5432/cims_db_dev (PostgreSQL 17.11)
2026-09-17T16:38:11.937+03:00  WARN 5068 --- [cims-backend] [           main] o.f.c.internal.database.base.Database    : Flyway upgrade recommended: PostgreSQL 17.11 is newer than this version of Flyway and support has not been tested. The latest supported version of PostgreSQL is 15.
2026-09-17T16:38:12.144+03:00  INFO 5068 --- [cims-backend] [           main] o.f.core.internal.command.DbValidate     : Successfully validated 21 migrations (execution time 00:00.156s)
2026-09-17T16:38:12.174+03:00  INFO 5068 --- [cims-backend] [           main] o.f.core.internal.command.DbMigrate      : Current version of schema "public": 21
2026-09-17T16:38:12.182+03:00  INFO 5068 --- [cims-backend] [           main] o.f.core.internal.command.DbMigrate      : Schema "public" is up to date. No migration necessary.
2026-09-17T16:38:12.440+03:00  INFO 5068 --- [cims-backend] [           main] o.hibernate.jpa.internal.util.LogHelper  : HHH000204: Processing PersistenceUnitInfo [name: default]
2026-09-17T16:38:12.671+03:00  INFO 5068 --- [cims-backend] [           main] org.hibernate.Version                    : HHH000412: Hibernate ORM core version 6.4.4.Final
2026-09-17T16:38:12.808+03:00  INFO 5068 --- [cims-backend] [           main] o.h.c.internal.RegionFactoryInitiator    : HHH000026: Second-level cache disabled
2026-09-17T16:38:13.650+03:00  INFO 5068 --- [cims-backend] [           main] o.s.o.j.p.SpringPersistenceUnitInfo      : No LoadTimeWeaver setup: ignoring JPA class transformer
2026-09-17T16:38:13.822+03:00  WARN 5068 --- [cims-backend] [           main] org.hibernate.orm.deprecation            : HHH90000025: PostgreSQLDialect does not need to be specified explicitly using 'hibernate.dialect' (remove the property setting and it will be selected by default)
2026-09-17T16:38:18.179+03:00  INFO 5068 --- [cims-backend] [           main] o.h.e.t.j.p.i.JtaPlatformInitiator       : HHH000489: No JTA platform available (set 'hibernate.transaction.jta.platform' to enable JTA platform integration)
2026-09-17T16:38:18.195+03:00  INFO 5068 --- [cims-backend] [           main] j.LocalContainerEntityManagerFactoryBean : Initialized JPA EntityManagerFactory for persistence unit 'default'
2026-09-17T16:38:20.878+03:00  INFO 5068 --- [cims-backend] [           main] o.f.s.b.e.EventRegistryAutoConfiguration : No deployment resources were found for autodeployment
2026-09-17T16:38:21.385+03:00  INFO 5068 --- [cims-backend] [           main] o.f.s.SpringProcessEngineConfiguration   : Found 2 Engine Configurators in total:
2026-09-17T16:38:21.385+03:00  INFO 5068 --- [cims-backend] [           main] o.f.s.SpringProcessEngineConfiguration   : class org.flowable.eventregistry.spring.configurator.SpringEventRegistryConfigurator (priority:100000)
2026-09-17T16:38:21.385+03:00  INFO 5068 --- [cims-backend] [           main] o.f.s.SpringProcessEngineConfiguration   : class org.flowable.idm.engine.configurator.IdmEngineConfigurator (priority:150000)
2026-09-17T16:38:21.385+03:00  INFO 5068 --- [cims-backend] [           main] o.f.s.SpringProcessEngineConfiguration   : Executing beforeInit() of class org.flowable.eventregistry.spring.configurator.SpringEventRegistryConfigurator (priority:100000)
2026-09-17T16:38:21.502+03:00  INFO 5068 --- [cims-backend] [           main] o.f.s.SpringProcessEngineConfiguration   : Executing beforeInit() of class org.flowable.idm.engine.configurator.IdmEngineConfigurator (priority:150000)
2026-09-17T16:38:24.148+03:00  INFO 5068 --- [cims-backend] [           main] o.f.s.SpringProcessEngineConfiguration   : Executing configure() of class org.flowable.eventregistry.spring.configurator.SpringEventRegistryConfigurator (priority:100000)
2026-09-17T16:38:24.836+03:00  INFO 5068 --- [cims-backend] [           main] liquibase.database                       : Set default schema name to public
2026-09-17T16:38:25.858+03:00  INFO 5068 --- [cims-backend] [           main] liquibase.changelog                      : Reading from public.flw_ev_databasechangelog
Database is up to date, no changesets to execute
2026-09-17T16:38:25.988+03:00  INFO 5068 --- [cims-backend] [           main] liquibase.changelog                      : Reading from public.flw_ev_databasechangelog

UPDATE SUMMARY
Run:                          0
Previously run:               3
Filtered out:                 0
-------------------------------
Total change sets:            3

2026-09-17T16:38:26.011+03:00  INFO 5068 --- [cims-backend] [           main] liquibase.util                           : UPDATE SUMMARY
2026-09-17T16:38:26.012+03:00  INFO 5068 --- [cims-backend] [           main] liquibase.util                           : Run:                          0
2026-09-17T16:38:26.012+03:00  INFO 5068 --- [cims-backend] [           main] liquibase.util                           : Previously run:               3
2026-09-17T16:38:26.012+03:00  INFO 5068 --- [cims-backend] [           main] liquibase.util                           : Filtered out:                 0
2026-09-17T16:38:26.012+03:00  INFO 5068 --- [cims-backend] [           main] liquibase.util                           : -------------------------------
2026-09-17T16:38:26.012+03:00  INFO 5068 --- [cims-backend] [           main] liquibase.util                           : Total change sets:            3
2026-09-17T16:38:26.013+03:00  INFO 5068 --- [cims-backend] [           main] liquibase.util                           : Update summary generated
2026-09-17T16:38:26.074+03:00  INFO 5068 --- [cims-backend] [           main] liquibase.lockservice                    : Successfully released change log lock
2026-09-17T16:38:26.082+03:00  INFO 5068 --- [cims-backend] [           main] liquibase.command                        : Command execution complete
2026-09-17T16:38:26.082+03:00  INFO 5068 --- [cims-backend] [           main] o.f.e.impl.EventRegistryEngineImpl       : EventRegistryEngine default created
2026-09-17T16:38:26.088+03:00  INFO 5068 --- [cims-backend] [           main] o.f.s.SpringProcessEngineConfiguration   : Executing configure() of class org.flowable.idm.engine.configurator.IdmEngineConfigurator (priority:150000)
2026-09-17T16:38:26.142+03:00  INFO 5068 --- [cims-backend] [           main] o.f.idm.engine.impl.IdmEngineImpl        : IdmEngine default created
2026-09-17T16:38:26.249+03:00  INFO 5068 --- [cims-backend] [           main] o.f.engine.impl.ProcessEngineImpl        : ProcessEngine default created
2026-09-17T16:38:26.338+03:00  INFO 5068 --- [cims-backend] [           main] o.f.e.impl.cmd.ValidateV5EntitiesCmd     : Total of v5 deployments found: 0
2026-09-17T16:38:27.694+03:00  WARN 5068 --- [cims-backend] [           main] JpaBaseConfiguration$JpaWebConfiguration : spring.jpa.open-in-view is enabled by default. Therefore, database queries may be performed during view rendering. Explicitly configure spring.jpa.open-in-view to disable this warning
2026-09-17T16:38:27.777+03:00  WARN 5068 --- [cims-backend] [           main] .s.s.UserDetailsServiceAutoConfiguration : 

Using generated security password: f5c291c0-8ab8-4d0a-9687-8929e55b7af5

This generated password is for development use only. Your security configuration must be updated before running your application in production.

2026-09-17T16:38:28.767+03:00  INFO 5068 --- [cims-backend] [           main] o.s.s.web.DefaultSecurityFilterChain     : Will secure any request with [org.springframework.security.web.session.DisableEncodeUrlFilter@122673fe, org.springframework.security.web.context.request.async.WebAsyncManagerIntegrationFilter@1335f1be, org.springframework.security.web.context.SecurityContextHolderFilter@1383f7f2, org.springframework.security.web.header.HeaderWriterFilter@172cabe2, org.springframework.web.filter.CorsFilter@2fe12b04, org.springframework.security.web.authentication.logout.LogoutFilter@451211cf, org.springframework.security.web.savedrequest.RequestCacheAwareFilter@32ac4251, org.springframework.security.web.servletapi.SecurityContextHolderAwareRequestFilter@40020127, org.springframework.security.web.authentication.AnonymousAuthenticationFilter@50be06c0, org.springframework.security.web.access.ExceptionTranslationFilter@2a807c5a, org.springframework.security.web.access.intercept.AuthorizationFilter@30062296]
2026-09-17T16:38:29.645+03:00  INFO 5068 --- [cims-backend] [           main] o.f.j.s.i.a.AbstractAsyncExecutor        : Starting up the async job executor [org.flowable.spring.job.service.SpringAsyncExecutor] for engine bpmn
2026-09-17T16:38:29.708+03:00  INFO 5068 --- [cims-backend] [           main] o.f.s.c.DefaultAutoDeploymentStrategy    : Deploying resources [file [C:\Users\danie_mdh4j2\Desktop\cims proj\backend\target\classes\processes\cims-maker-checker.bpmn20.xml]] for engine org.flowable.engine.impl.ProcessEngineImpl@4c07464c deployment name hint SpringBootAutoDeployment
2026-09-17T16:38:29.708+03:00  INFO 5068 --- [cims-backend] [       Thread-4] o.f.j.s.i.a.ResetExpiredJobsRunnable     : starting to reset expired jobs for engine bpmn
2026-09-17T16:38:29.717+03:00  INFO 5068 --- [cims-backend] [       Thread-2] o.f.j.s.i.a.AcquireAsyncJobsDueRunnable  : starting to acquire async jobs due for engine bpmn
2026-09-17T16:38:29.719+03:00  INFO 5068 --- [cims-backend] [       Thread-3] o.f.j.s.i.a.AcquireTimerJobsRunnable     : starting to acquire async jobs due for engine bpmn
2026-09-17T16:38:29.813+03:00  INFO 5068 --- [cims-backend] [           main] c.b.c.CimsBusinessLogicIntegrationTest   : Started CimsBusinessLogicIntegrationTest in 24.819 seconds (process running for 28.627)
]]></system-out>
  </testcase>
  <testcase name="testPolicyRegistrationStrictlyRejectsWithoutValidCollateral" classname="com.bank.cims.CimsBusinessLogicIntegrationTest" time="0.033"/>
  <testcase name="testCustomer360Aggregation" classname="com.bank.cims.CimsBusinessLogicIntegrationTest" time="0.081"/>
  <testcase name="testPolicyRenewalAndReplacement" classname="com.bank.cims.CimsBusinessLogicIntegrationTest" time="0.513"/>
  <testcase name="testAllocationOverflowRejection" classname="com.bank.cims.CimsBusinessLogicIntegrationTest" time="0.129"/>
  <testcase name="testCustomerIsolationEnforcement" classname="com.bank.cims.CimsBusinessLogicIntegrationTest" time="0.117"/>
  <testcase name="testRegisterCollateralWithAttachedDocumentsAndCheckerApproval" classname="com.bank.cims.CimsBusinessLogicIntegrationTest" time="0.483"/>
  <testcase name="testCollateralRegistrationWithAllocations" classname="com.bank.cims.CimsBusinessLogicIntegrationTest" time="0.173"/>
  <testcase name="testCheckerReturnWorkflow" classname="com.bank.cims.CimsBusinessLogicIntegrationTest" time="0.132"/>
  <testcase name="testInsurancePolicyLifecycleAndAdequacy" classname="com.bank.cims.CimsBusinessLogicIntegrationTest" time="0.484"/>
  <testcase name="testDualControlMakerSelfApprovalBlocked" classname="com.bank.cims.CimsBusinessLogicIntegrationTest" time="0.123"/>
</testsuite>