<?xml version="1.0" encoding="UTF-8"?>
<testsuite xmlns:xsi="http://www.w3.org/2001/XMLSchema-instance" xsi:noNamespaceSchemaLocation="https://maven.apache.org/surefire/maven-surefire-plugin/xsd/surefire-test-report-3.0.xsd" version="3.0" name="com.bank.cims.DashboardAuthorizationIntegrationTest" time="1.677" tests="7" errors="0" skipped="0" failures="0">
  <properties>
[...]
</properties>
  <testcase name="testExecutiveHasBankWideScope" classname="com.bank.cims.DashboardAuthorizationIntegrationTest" time="0.763">
    <system-out><![CDATA[2026-09-17T16:38:35.548+03:00  INFO 5068 --- [cims-backend] [           main] t.c.s.AnnotationConfigContextLoaderUtils : Could not detect default configuration classes for test class [com.bank.cims.DashboardAuthorizationIntegrationTest]: DashboardAuthorizationIntegrationTest does not declare any static, non-private, non-final, nested classes annotated with @Configuration.
2026-09-17T16:38:35.552+03:00  INFO 5068 --- [cims-backend] [           main] .b.t.c.SpringBootTestContextBootstrapper : Found @SpringBootConfiguration com.bank.cims.CimsBackendApplication for test class com.bank.cims.DashboardAuthorizationIntegrationTest
]]></system-out>
  </testcase>
  <testcase name="testInsuranceGapCalculationIntegrity" classname="com.bank.cims.DashboardAuthorizationIntegrationTest" time="0.115"/>
  <testcase name="testUniversalPortfolioRows" classname="com.bank.cims.DashboardAuthorizationIntegrationTest" time="0.2"/>
  <testcase name="testZeroFabricatedHistoricalData" classname="com.bank.cims.DashboardAuthorizationIntegrationTest" time="0.353"/>
  <testcase name="testBranchManagerIsLockedToBranch" classname="com.bank.cims.DashboardAuthorizationIntegrationTest" time="0.026"/>
  <testcase name="testHeadOfficeDepartmentIsLockedToAssignedSegment" classname="com.bank.cims.DashboardAuthorizationIntegrationTest" time="0.141"/>
  <testcase name="testDistrictDirectorIsLockedToDistrict" classname="com.bank.cims.DashboardAuthorizationIntegrationTest" time="0.059"/>
</testsuite>